<?xml version="1.0" encoding="UTF-8"?>
<coverage generated="1482296181">
  <project timestamp="1482296181">
    <package name="App\Console">
      <file name="/Users/paradon/Projects/jenkins_test/app/Console/Kernel.php">
        <class name="Kernel" namespace="App\Console">
          <metrics complexity="2" methods="2" coveredmethods="1" conditionals="0" coveredconditionals="0" statements="3" coveredstatements="1" elements="5" coveredelements="2"/>
        </class>
        <line num="25" type="method" name="schedule" visibility="protected" complexity="1" crap="1" count="1"/>
        <line num="29" type="stmt" count="1"/>
        <line num="36" type="method" name="commands" visibility="protected" complexity="1" crap="2" count="0"/>
        <line num="38" type="stmt" count="0"/>
        <line num="39" type="stmt" count="0"/>
        <metrics loc="40" ncloc="18" classes="1" methods="2" coveredmethods="1" conditionals="0" coveredconditionals="0" statements="3" coveredstatements="1" elements="5" coveredelements="2"/>
      </file>
    </package>
    <package name="App\Exceptions">
      <file name="/Users/paradon/Projects/jenkins_test/app/Exceptions/Handler.php">
        <class name="Handler" namespace="App\Exceptions">
          <metrics complexity="4" methods="3" coveredmethods="0" conditionals="0" coveredconditionals="0" statements="6" coveredstatements="0" elements="9" coveredelements="0"/>
        </class>
        <line num="33" type="method" name="report" visibility="public" complexity="1" crap="2" count="0"/>
        <line num="35" type="stmt" count="0"/>
        <line num="36" type="stmt" count="0"/>
        <line num="45" type="method" name="render" visibility="public" complexity="1" crap="2" count="0"/>
        <line num="47" type="stmt" count="0"/>
        <line num="57" type="method" name="unauthenticated" visibility="protected" complexity="2" crap="6" count="0"/>
        <line num="59" type="stmt" count="0"/>
        <line num="60" type="stmt" count="0"/>
        <line num="63" type="stmt" count="0"/>
        <metrics loc="65" ncloc="38" classes="1" methods="3" coveredmethods="0" conditionals="0" coveredconditionals="0" statements="6" coveredstatements="0" elements="9" coveredelements="0"/>
      </file>
    </package>
    <package name="App\Http\Controllers\Auth">
      <file name="/Users/paradon/Projects/jenkins_test/app/Http/Controllers/Auth/ForgotPasswordController.php">
        <class name="ForgotPasswordController" namespace="App\Http\Controllers\Auth">
          <metrics complexity="1" methods="1" coveredmethods="0" conditionals="0" coveredconditionals="0" statements="2" coveredstatements="0" elements="3" coveredelements="0"/>
        </class>
        <line num="28" type="method" name="__construct" visibility="public" complexity="1" crap="2" count="0"/>
        <line num="30" type="stmt" count="0"/>
        <line num="31" type="stmt" count="0"/>
        <metrics loc="32" ncloc="17" classes="1" methods="1" coveredmethods="0" conditionals="0" coveredconditionals="0" statements="2" coveredstatements="0" elements="3" coveredelements="0"/>
      </file>
      <file name="/Users/paradon/Projects/jenkins_test/app/Http/Controllers/Auth/LoginController.php">
        <class name="LoginController" namespace="App\Http\Controllers\Auth">
          <metrics complexity="1" methods="1" coveredmethods="0" conditionals="0" coveredconditionals="0" statements="2" coveredstatements="0" elements="3" coveredelements="0"/>
        </class>
        <line num="35" type="method" name="__construct" visibility="public" complexity="1" crap="2" count="0"/>
        <line num="37" type="stmt" count="0"/>
        <line num="38" type="stmt" count="0"/>
        <metrics loc="39" ncloc="19" classes="1" methods="1" coveredmethods="0" conditionals="0" coveredconditionals="0" statements="2" coveredstatements="0" elements="3" coveredelements="0"/>
      </file>
      <file name="/Users/paradon/Projects/jenkins_test/app/Http/Controllers/Auth/RegisterController.php">
        <class name="RegisterController" namespace="App\Http\Controllers\Auth">
          <metrics complexity="3" methods="3" coveredmethods="0" conditionals="0" coveredconditionals="0" statements="8" coveredstatements="0" elements="11" coveredelements="0"/>
        </class>
        <line num="37" type="method" name="__construct" visibility="public" complexity="1" crap="2" count="0"/>
        <line num="39" type="stmt" count="0"/>
        <line num="40" type="stmt" count="0"/>
        <line num="48" type="method" name="validator" visibility="protected" complexity="1" crap="2" count="0"/>
        <line num="50" type="stmt" count="0"/>
        <line num="51" type="stmt" count="0"/>
        <line num="63" type="method" name="create" visibility="protected" complexity="1" crap="2" count="0"/>
        <line num="65" type="stmt" count="0"/>
        <line num="66" type="stmt" count="0"/>
        <line num="67" type="stmt" count="0"/>
        <line num="68" type="stmt" count="0"/>
        <metrics loc="71" ncloc="39" classes="1" methods="3" coveredmethods="0" conditionals="0" coveredconditionals="0" statements="8" coveredstatements="0" elements="11" coveredelements="0"/>
      </file>
      <file name="/Users/paradon/Projects/jenkins_test/app/Http/Controllers/Auth/ResetPasswordController.php">
        <class name="ResetPasswordController" namespace="App\Http\Controllers\Auth">
          <metrics complexity="1" methods="1" coveredmethods="0" conditionals="0" coveredconditionals="0" statements="2" coveredstatements="0" elements="3" coveredelements="0"/>
        </class>
        <line num="35" type="method" name="__construct" visibility="public" complexity="1" crap="2" count="0"/>
        <line num="37" type="stmt" count="0"/>
        <line num="38" type="stmt" count="0"/>
        <metrics loc="39" ncloc="19" classes="1" methods="1" coveredmethods="0" conditionals="0" coveredconditionals="0" statements="2" coveredstatements="0" elements="3" coveredelements="0"/>
      </file>
    </package>
    <package name="App\Http\Controllers">
      <file name="/Users/paradon/Projects/jenkins_test/app/Http/Controllers/Controller.php">
        <class name="Controller" namespace="App\Http\Controllers">
          <metrics complexity="0" methods="0" coveredmethods="0" conditionals="0" coveredconditionals="0" statements="0" coveredstatements="0" elements="0" coveredelements="0"/>
        </class>
        <metrics loc="13" ncloc="13" classes="1" methods="0" coveredmethods="0" conditionals="0" coveredconditionals="0" statements="0" coveredstatements="0" elements="0" coveredelements="0"/>
      </file>
    </package>
    <package name="App\Http">
      <file name="/Users/paradon/Projects/jenkins_test/app/Http/Kernel.php">
        <class name="Kernel" namespace="App\Http">
          <metrics complexity="0" methods="0" coveredmethods="0" conditionals="0" coveredconditionals="0" statements="0" coveredstatements="0" elements="0" coveredelements="0"/>
        </class>
        <metrics loc="56" ncloc="37" classes="1" methods="0" coveredmethods="0" conditionals="0" coveredconditionals="0" statements="0" coveredstatements="0" elements="0" coveredelements="0"/>
      </file>
    </package>
    <package name="App\Http\Middleware">
      <file name="/Users/paradon/Projects/jenkins_test/app/Http/Middleware/EncryptCookies.php">
        <class name="EncryptCookies" namespace="App\Http\Middleware">
          <metrics complexity="0" methods="0" coveredmethods="0" conditionals="0" coveredconditionals="0" statements="0" coveredstatements="0" elements="0" coveredelements="0"/>
        </class>
        <metrics loc="17" ncloc="10" classes="1" methods="0" coveredmethods="0" conditionals="0" coveredconditionals="0" statements="0" coveredstatements="0" elements="0" coveredelements="0"/>
      </file>
      <file name="/Users/paradon/Projects/jenkins_test/app/Http/Middleware/RedirectIfAuthenticated.php">
        <class name="RedirectIfAuthenticated" namespace="App\Http\Middleware">
          <metrics complexity="2" methods="1" coveredmethods="0" conditionals="0" coveredconditionals="0" statements="3" coveredstatements="0" elements="4" coveredelements="0"/>
        </class>
        <line num="18" type="method" name="handle" visibility="public" complexity="2" crap="6" count="0"/>
        <line num="20" type="stmt" count="0"/>
        <line num="21" type="stmt" count="0"/>
        <line num="24" type="stmt" count="0"/>
        <metrics loc="26" ncloc="18" classes="1" methods="1" coveredmethods="0" conditionals="0" coveredconditionals="0" statements="3" coveredstatements="0" elements="4" coveredelements="0"/>
      </file>
      <file name="/Users/paradon/Projects/jenkins_test/app/Http/Middleware/VerifyCsrfToken.php">
        <class name="VerifyCsrfToken" namespace="App\Http\Middleware">
          <metrics complexity="0" methods="0" coveredmethods="0" conditionals="0" coveredconditionals="0" statements="0" coveredstatements="0" elements="0" coveredelements="0"/>
        </class>
        <metrics loc="17" ncloc="10" classes="1" methods="0" coveredmethods="0" conditionals="0" coveredconditionals="0" statements="0" coveredstatements="0" elements="0" coveredelements="0"/>
      </file>
    </package>
    <package name="App\Providers">
      <file name="/Users/paradon/Projects/jenkins_test/app/Providers/AppServiceProvider.php">
        <class name="AppServiceProvider" namespace="App\Providers">
          <metrics complexity="2" methods="2" coveredmethods="2" conditionals="0" coveredconditionals="0" statements="2" coveredstatements="2" elements="4" coveredelements="4"/>
        </class>
        <line num="14" type="method" name="boot" visibility="public" complexity="1" crap="1" count="1"/>
        <line num="17" type="stmt" count="1"/>
        <line num="24" type="method" name="register" visibility="public" complexity="1" crap="1" count="1"/>
        <line num="27" type="stmt" count="1"/>
        <metrics loc="28" ncloc="14" classes="1" methods="2" coveredmethods="2" conditionals="0" coveredconditionals="0" statements="2" coveredstatements="2" elements="4" coveredelements="4"/>
      </file>
      <file name="/Users/paradon/Projects/jenkins_test/app/Providers/AuthServiceProvider.php">
        <class name="AuthServiceProvider" namespace="App\Providers">
          <metrics complexity="1" methods="1" coveredmethods="1" conditionals="0" coveredconditionals="0" statements="2" coveredstatements="2" elements="3" coveredelements="3"/>
        </class>
        <line num="24" type="method" name="boot" visibility="public" complexity="1" crap="1" count="1"/>
        <line num="26" type="stmt" count="1"/>
        <line num="29" type="stmt" count="1"/>
        <metrics loc="30" ncloc="18" classes="1" methods="1" coveredmethods="1" conditionals="0" coveredconditionals="0" statements="2" coveredstatements="2" elements="3" coveredelements="3"/>
      </file>
      <file name="/Users/paradon/Projects/jenkins_test/app/Providers/BroadcastServiceProvider.php">
        <class name="BroadcastServiceProvider" namespace="App\Providers">
          <metrics complexity="2" methods="0" coveredmethods="0" conditionals="0" coveredconditionals="0" statements="0" coveredstatements="0" elements="0" coveredelements="0"/>
        </class>
        <metrics loc="26" ncloc="18" classes="1" methods="0" coveredmethods="0" conditionals="0" coveredconditionals="0" statements="0" coveredstatements="0" elements="0" coveredelements="0"/>
      </file>
      <file name="/Users/paradon/Projects/jenkins_test/app/Providers/EventServiceProvider.php">
        <class name="EventServiceProvider" namespace="App\Providers">
          <metrics complexity="1" methods="1" coveredmethods="1" conditionals="0" coveredconditionals="0" statements="2" coveredstatements="2" elements="3" coveredelements="3"/>
        </class>
        <line num="26" type="method" name="boot" visibility="public" complexity="1" crap="1" count="1"/>
        <line num="28" type="stmt" count="1"/>
        <line num="31" type="stmt" count="1"/>
        <metrics loc="32" ncloc="20" classes="1" methods="1" coveredmethods="1" conditionals="0" coveredconditionals="0" statements="2" coveredstatements="2" elements="3" coveredelements="3"/>
      </file>
      <file name="/Users/paradon/Projects/jenkins_test/app/Providers/RouteServiceProvider.php">
        <class name="RouteServiceProvider" namespace="App\Providers">
          <metrics complexity="5" methods="5" coveredmethods="5" conditionals="0" coveredconditionals="0" statements="17" coveredstatements="17" elements="22" coveredelements="22"/>
        </class>
        <line num="24" type="method" name="boot" visibility="public" complexity="1" crap="1" count="1"/>
        <line num="28" type="stmt" count="1"/>
        <line num="29" type="stmt" count="1"/>
        <line num="36" type="method" name="map" visibility="public" complexity="1" crap="1" count="1"/>
        <line num="38" type="stmt" count="1"/>
        <line num="40" type="stmt" count="1"/>
        <line num="43" type="stmt" count="1"/>
        <line num="52" type="method" name="mapWebRoutes" visibility="protected" complexity="1" crap="1" count="1"/>
        <line num="54" type="stmt" count="1"/>
        <line num="55" type="stmt" count="1"/>
        <line num="56" type="stmt" count="1"/>
        <line num="58" type="stmt" count="1"/>
        <line num="59" type="stmt" count="1"/>
        <line num="60" type="stmt" count="1"/>
        <line num="69" type="method" name="mapApiRoutes" visibility="protected" complexity="1" crap="1" count="1"/>
        <line num="71" type="stmt" count="1"/>
        <line num="72" type="stmt" count="1"/>
        <line num="73" type="stmt" count="1"/>
        <line num="74" type="stmt" count="1"/>
        <line num="75" type="method" name="anonymous function" complexity="1" crap="1" count="1"/>
        <line num="76" type="stmt" count="1"/>
        <line num="77" type="stmt" count="1"/>
        <line num="78" type="stmt" count="1"/>
        <metrics loc="79" ncloc="44" classes="1" methods="5" coveredmethods="5" conditionals="0" coveredconditionals="0" statements="18" coveredstatements="18" elements="23" coveredelements="23"/>
      </file>
    </package>
    <package name="App">
      <file name="/Users/paradon/Projects/jenkins_test/app/User.php">
        <class name="User" namespace="App">
          <metrics complexity="0" methods="0" coveredmethods="0" conditionals="0" coveredconditionals="0" statements="0" coveredstatements="0" elements="0" coveredelements="0"/>
        </class>
        <metrics loc="29" ncloc="19" classes="1" methods="0" coveredmethods="0" conditionals="0" coveredconditionals="0" statements="0" coveredstatements="0" elements="0" coveredelements="0"/>
      </file>
    </package>
    <metrics files="17" loc="639" ncloc="371" classes="17" methods="21" coveredmethods="10" conditionals="0" coveredconditionals="0" statements="50" coveredstatements="25" elements="71" coveredelements="35"/>
  </project>
</coverage>
